<?xml version="1.0" encoding="UTF-8"?>
<testsuite xmlns:xsi="http://www.w3.org/2001/XMLSchema-instance" xsi:noNamespaceSchemaLocation="https://maven.apache.org/surefire/maven-surefire-plugin/xsd/surefire-test-report-3.0.xsd" version="3.0" name="com.rio_rishabhNEU.UserApp.HealthzControllerTest" time="0.294" tests="4" errors="0" skipped="0" failures="0">
  <properties>
[...]
</properties>
  <testcase name="testBadRequestWithQueryParams" classname="com.rio_rishabhNEU.UserApp.HealthzControllerTest" time="0.254">
    <system-out><![CDATA[15:44:22.822 [main] INFO  o.s.mock.web.MockServletContext - Initializing Spring TestDispatcherServlet ''
15:44:22.822 [main] INFO  o.s.t.w.s.TestDispatcherServlet - Initializing Servlet ''
15:44:22.822 [main] INFO  o.s.t.w.s.TestDispatcherServlet - Completed initialization in 0 ms
]]></system-out>
  </testcase>
  <testcase name="testHealthCheckFailure" classname="com.rio_rishabhNEU.UserApp.HealthzControllerTest" time="0.012">
    <system-out><![CDATA[15:44:22.881 [main] INFO  o.s.mock.web.MockServletContext - Initializing Spring TestDispatcherServlet ''
15:44:22.881 [main] INFO  o.s.t.w.s.TestDispatcherServlet - Initializing Servlet ''
15:44:22.881 [main] INFO  o.s.t.w.s.TestDispatcherServlet - Completed initialization in 0 ms
]]></system-out>
  </testcase>
  <testcase name="testBadRequestWithRequestBody" classname="com.rio_rishabhNEU.UserApp.HealthzControllerTest" time="0.016">
    <system-out><![CDATA[15:44:22.893 [main] INFO  o.s.mock.web.MockServletContext - Initializing Spring TestDispatcherServlet ''
15:44:22.893 [main] INFO  o.s.t.w.s.TestDispatcherServlet - Initializing Servlet ''
15:44:22.893 [main] INFO  o.s.t.w.s.TestDispatcherServlet - Completed initialization in 0 ms
]]></system-out>
  </testcase>
  <testcase name="testHealthCheckSuccess" classname="com.rio_rishabhNEU.UserApp.HealthzControllerTest" time="0.007">
    <system-out><![CDATA[15:44:22.910 [main] INFO  o.s.mock.web.MockServletContext - Initializing Spring TestDispatcherServlet ''
15:44:22.910 [main] INFO  o.s.t.w.s.TestDispatcherServlet - Initializing Servlet ''
15:44:22.911 [main] INFO  o.s.t.w.s.TestDispatcherServlet - Completed initialization in 0 ms
]]></system-out>
  </testcase>
</testsuite>